<?xml version="1.0" encoding="UTF-8"?>
<!-- Generated by org.testng.reporters.JUnitXMLReporter -->
<testsuite hostname="User" ignored="0" name="Test" tests="3" failures="3" timestamp="2021-04-18T16:48:13 IST" time="139.805" errors="0">
  <testcase name="insuranceCalculate" time="16.185" classname="insuranceCalculation_Motorcycle.EndToEndTests_motorcycle">
    <failure type="java.lang.Exception" message="Value is not present in dropdown for WebElement: [[ChromeDriver: chrome on WINDOWS (cfc96dbad57c11863599f3c9be3b8d2b)] -&amp;gt; id: insurancesum]Value to be selected is:  5.000.000,00">
      <![CDATA[java.lang.Exception: Value is not present in dropdown for WebElement: [[ChromeDriver: chrome on WINDOWS (cfc96dbad57c11863599f3c9be3b8d2b)] -> id: insurancesum]Value to be selected is:  5.000.000,00
at reusableComponents.CommonMethods.selectDropdownOption(CommonMethods.java:118)
at pageObjects.EnterProductDataPageObjects.enterProductData(EnterProductDataPageObjects.java:40)
at insuranceCalculation_Motorcycle.EndToEndTests_motorcycle.insuranceCalculate(EndToEndTests_motorcycle.java:28)
at java.util.ArrayList.forEach(Unknown Source)
... Removed 27 stack frames]]>
    </failure>
  </testcase> <!-- insuranceCalculate -->
  <testcase name="insuranceCalculate" time="15.541" classname="insuranceCalculation_Motorcycle.EndToEndTests_motorcycle">
    <failure type="java.lang.Exception" message="Value is not present in dropdown for WebElement: [[ChromeDriver: chrome on WINDOWS (b4e854c5dd0b73df20e97b1b8ab728e8)] -&amp;gt; id: insurancesum]Value to be selected is:  20.000.000,00">
      <![CDATA[java.lang.Exception: Value is not present in dropdown for WebElement: [[ChromeDriver: chrome on WINDOWS (b4e854c5dd0b73df20e97b1b8ab728e8)] -> id: insurancesum]Value to be selected is:  20.000.000,00
at reusableComponents.CommonMethods.selectDropdownOption(CommonMethods.java:118)
at pageObjects.EnterProductDataPageObjects.enterProductData(EnterProductDataPageObjects.java:40)
at insuranceCalculation_Motorcycle.EndToEndTests_motorcycle.insuranceCalculate(EndToEndTests_motorcycle.java:28)
at java.util.ArrayList.forEach(Unknown Source)
... Removed 27 stack frames]]>
    </failure>
  </testcase> <!-- insuranceCalculate -->
  <testcase name="insuranceCalculate" time="15.109" classname="insuranceCalculation_Motorcycle.EndToEndTests_motorcycle">
    <failure type="java.lang.Exception" message="Value is not present in dropdown for WebElement: [[ChromeDriver: chrome on WINDOWS (ce8a983c09755464ff441e0f6c172b51)] -&amp;gt; id: insurancesum]Value to be selected is:  3.000.000,00">
      <![CDATA[java.lang.Exception: Value is not present in dropdown for WebElement: [[ChromeDriver: chrome on WINDOWS (ce8a983c09755464ff441e0f6c172b51)] -> id: insurancesum]Value to be selected is:  3.000.000,00
at reusableComponents.CommonMethods.selectDropdownOption(CommonMethods.java:118)
at pageObjects.EnterProductDataPageObjects.enterProductData(EnterProductDataPageObjects.java:40)
at insuranceCalculation_Motorcycle.EndToEndTests_motorcycle.insuranceCalculate(EndToEndTests_motorcycle.java:28)
at java.util.ArrayList.forEach(Unknown Source)
... Removed 27 stack frames]]>
    </failure>
  </testcase> <!-- insuranceCalculate -->
</testsuite> <!-- Test -->
